01-19 17:01:37 sierra_kicad_order.action_sierra_quote 1287:Sierra Circuits Quote plugin version: 4.5 started
01-19 17:01:37 STDOUT 1671:send:
01-19 17:01:37 STDOUT 1671:b'GET /kicadInfo HTTP/1.1\r\nAccept-Encoding: identity\r\nHost: prodsuperapi.app.protoexpress.com\r\nUser-Agent: Python-urllib/3.11\r\nContent-Type: application/json\r\nConnection: close\r\n\r\n'
01-19 17:01:37 STDOUT 1671:reply:
01-19 17:01:37 STDOUT 1671:'HTTP/1.1 200 OK\r\n'
01-19 17:01:37 STDOUT 1671:header:
01-19 17:01:37 STDOUT 1671:Server:
01-19 17:01:37 STDOUT 1671:nginx/1.18.0 (Ubuntu)
01-19 17:01:37 STDOUT 1671:header:
01-19 17:01:37 STDOUT 1671:Date:
01-19 17:01:37 STDOUT 1671:Mon, 19 Jan 2026 23:01:32 GMT
01-19 17:01:37 STDOUT 1671:header:
01-19 17:01:37 STDOUT 1671:Content-Type:
01-19 17:01:37 STDOUT 1671:application/json
01-19 17:01:37 STDOUT 1671:header:
01-19 17:01:37 STDOUT 1671:Content-Length:
01-19 17:01:37 STDOUT 1671:4080
01-19 17:01:37 STDOUT 1671:header:
01-19 17:01:37 STDOUT 1671:Connection:
01-19 17:01:37 STDOUT 1671:close
01-19 17:01:37 STDOUT 1671:header:
01-19 17:01:37 STDOUT 1671:Access-Control-Allow-Origin:
01-19 17:01:37 STDOUT 1671:*
01-19 17:01:37 STDOUT 1671:header:
01-19 17:01:37 STDOUT 1671:Strict-Transport-Security:
01-19 17:01:37 STDOUT 1671:max-age=31536000; includeSubdomains; preload
01-19 17:01:37 STDOUT 1671:header:
01-19 17:01:37 STDOUT 1671:X-Frame-Options:
01-19 17:01:37 STDOUT 1671:SAMEORIGIN
01-19 17:01:37 STDOUT 1671:header:
01-19 17:01:37 STDOUT 1671:X-Content-Type-Options:
01-19 17:01:37 STDOUT 1671:nosniff
01-19 17:01:37 STDOUT 1671:header:
01-19 17:01:37 STDOUT 1671:Referrer-Policy:
01-19 17:01:37 STDOUT 1671:no-referrer
01-19 17:01:37 STDOUT 1671:header:
01-19 17:01:37 STDOUT 1671:Content-Security-Policy:
01-19 17:01:37 STDOUT 1671:object-src
01-19 17:01:38 STDOUT 1671:send:
01-19 17:01:38 STDOUT 1671:b'POST /kiprod/client HTTP/1.1\r\nAccept-Encoding: identity\r\nContent-Length: 52\r\nHost: api.protoexpress-api.net\r\nUser-Agent: Python-urllib/3.11\r\nContent-Type: application/json\r\nAuthorization: Basic cf281dba-f58a-11f0-b3f2-4c82a997305a\r\nConnection: close\r\n\r\n'
01-19 17:01:38 STDOUT 1671:send:
01-19 17:01:38 STDOUT 1671:b'{"client_id":"cf281dba-f58a-11f0-b3f2-4c82a997305a"}'
01-19 17:01:38 STDOUT 1671:reply:
01-19 17:01:38 STDOUT 1671:'HTTP/1.1 200 OK\r\n'
01-19 17:01:38 STDOUT 1671:header:
01-19 17:01:38 STDOUT 1671:Date:
01-19 17:01:38 STDOUT 1671:Mon, 19 Jan 2026 23:01:33 GMT
01-19 17:01:38 STDOUT 1671:header:
01-19 17:01:38 STDOUT 1671:Content-Type:
01-19 17:01:38 STDOUT 1671:application/json
01-19 17:01:38 STDOUT 1671:header:
01-19 17:01:38 STDOUT 1671:Content-Length:
01-19 17:01:38 STDOUT 1671:32
01-19 17:01:38 STDOUT 1671:header:
01-19 17:01:38 STDOUT 1671:Connection:
01-19 17:01:38 STDOUT 1671:close
01-19 17:01:38 STDOUT 1671:header:
01-19 17:01:38 STDOUT 1671:x-amzn-RequestId:
01-19 17:01:38 STDOUT 1671:6b09a136-a1e7-47c9-a5fa-57ef446b9680
01-19 17:01:38 STDOUT 1671:header:
01-19 17:01:38 STDOUT 1671:Access-Control-Allow-Origin:
01-19 17:01:38 STDOUT 1671:*
01-19 17:01:38 STDOUT 1671:header:
01-19 17:01:38 STDOUT 1671:Access-Control-Allow-Headers:
01-19 17:01:38 STDOUT 1671:*
01-19 17:01:38 STDOUT 1671:header:
01-19 17:01:38 STDOUT 1671:x-amz-apigw-id:
01-19 17:01:38 STDOUT 1671:XdGoHGvVoAMEgRQ=
01-19 17:01:38 STDOUT 1671:header:
01-19 17:01:38 STDOUT 1671:Access-Control-Allow-Methods:
01-19 17:01:38 STDOUT 1671:*
01-19 17:01:38 STDOUT 1671:header:
01-19 17:01:38 STDOUT 1671:X-Amzn-Trace-Id:
01-19 17:01:38 STDOUT 1671:Root=1-696eb7cd-72c0bcf25a28c1c015df84e7;Parent=68151d01f6692bcf;Sampled=0;Lineage=2:565c4136:0
01-19 17:01:46 STDOUT 1671:send:
01-19 17:01:46 STDOUT 1671:b'POST /login HTTP/1.1\r\nAccept-Encoding: identity\r\nContent-Length: 122\r\nHost: prodsuperapi.app.protoexpress.com\r\nUser-Agent: Python-urllib/3.11\r\nContent-Type: application/json\r\nAccept: application/json\r\nConnection: close\r\n\r\n'
01-19 17:01:46 STDOUT 1671:send:
01-19 17:01:46 STDOUT 1671:b'{"client_id":"cf281dba-f58a-11f0-b3f2-4c82a997305a","memberID":"aidanaalund@icloud.com","password":"fezjot-wexmar-seqFe3"}'
01-19 17:01:48 STDOUT 1671:reply:
01-19 17:01:48 STDOUT 1671:'HTTP/1.1 200 OK\r\n'
01-19 17:01:48 STDOUT 1671:header:
01-19 17:01:48 STDOUT 1671:Server:
01-19 17:01:48 STDOUT 1671:nginx/1.18.0 (Ubuntu)
01-19 17:01:48 STDOUT 1671:header:
01-19 17:01:48 STDOUT 1671:Date:
01-19 17:01:48 STDOUT 1671:Mon, 19 Jan 2026 23:01:43 GMT
01-19 17:01:48 STDOUT 1671:header:
01-19 17:01:48 STDOUT 1671:Content-Type:
01-19 17:01:48 STDOUT 1671:text/html; charset=utf-8
01-19 17:01:48 STDOUT 1671:header:
01-19 17:01:48 STDOUT 1671:Content-Length:
01-19 17:01:48 STDOUT 1671:1601
01-19 17:01:48 STDOUT 1671:header:
01-19 17:01:48 STDOUT 1671:Connection:
01-19 17:01:48 STDOUT 1671:close
01-19 17:01:48 STDOUT 1671:header:
01-19 17:01:48 STDOUT 1671:Access-Control-Allow-Origin:
01-19 17:01:48 STDOUT 1671:*
01-19 17:01:48 STDOUT 1671:header:
01-19 17:01:48 STDOUT 1671:Strict-Transport-Security:
01-19 17:01:48 STDOUT 1671:max-age=31536000; includeSubdomains; preload
01-19 17:01:48 STDOUT 1671:header:
01-19 17:01:48 STDOUT 1671:X-Frame-Options:
01-19 17:01:48 STDOUT 1671:SAMEORIGIN
01-19 17:01:48 STDOUT 1671:header:
01-19 17:01:48 STDOUT 1671:X-Content-Type-Options:
01-19 17:01:48 STDOUT 1671:nosniff
01-19 17:01:48 STDOUT 1671:header:
01-19 17:01:48 STDOUT 1671:Referrer-Policy:
01-19 17:01:48 STDOUT 1671:no-referrer
01-19 17:01:48 STDOUT 1671:header:
01-19 17:01:48 STDOUT 1671:Content-Security-Policy:
01-19 17:01:48 STDOUT 1671:object-src
